2020-05-09 00:00:02 [Thread-1] INFO  c.netflix.discovery.DiscoveryClient - Completed shut down of DiscoveryClient
2020-05-09 00:00:34 [restartedMain] INFO  o.s.c.c.c.ConfigServicePropertySourceLocator - Fetching config from server at : http://localhost:8080
2020-05-09 00:00:37 [restartedMain] INFO  o.s.c.c.c.ConfigServicePropertySourceLocator - Located environment: name=cart-service, profiles=[development], label=null, version=b828bf606d39d7e1bbf48adcd78f5ce277dd3bfd, state=null
2020-05-09 00:00:37 [restartedMain] INFO  o.s.c.b.c.PropertySourceBootstrapConfiguration - Located property source: [BootstrapPropertySource {name='bootstrapProperties-configClient'}]
2020-05-09 10:37:37 [restartedMain] INFO  o.s.c.c.c.ConfigServicePropertySourceLocator - Fetching config from server at : http://localhost:8080
2020-05-09 10:37:39 [restartedMain] INFO  o.s.c.c.c.ConfigServicePropertySourceLocator - Located environment: name=cart-service, profiles=[development], label=null, version=b828bf606d39d7e1bbf48adcd78f5ce277dd3bfd, state=null
2020-05-09 10:37:39 [restartedMain] INFO  o.s.c.b.c.PropertySourceBootstrapConfiguration - Located property source: [BootstrapPropertySource {name='bootstrapProperties-configClient'}]
2020-05-09 10:37:39 [restartedMain] INFO  c.c.o.c.CartServiceApplication - The following profiles are active: development
2020-05-09 10:37:40 [restartedMain] INFO  o.s.d.r.c.RepositoryConfigurationDelegate - Bootstrapping Spring Data JPA repositories in DEFAULT mode.
2020-05-09 10:37:40 [restartedMain] INFO  o.s.d.r.c.RepositoryConfigurationDelegate - Finished Spring Data repository scanning in 72ms. Found 1 JPA repository interfaces.
2020-05-09 10:37:41 [restartedMain] INFO  o.s.cloud.context.scope.GenericScope - BeanFactory id=fe0f9659-504f-3139-a1c4-69a7f698c047
2020-05-09 10:37:42 [restartedMain] INFO  o.s.b.w.e.tomcat.TomcatWebServer - Tomcat initialized with port(s): 8383 (http)
2020-05-09 10:37:42 [restartedMain] INFO  o.a.catalina.core.StandardService - Starting service [Tomcat]
2020-05-09 10:37:42 [restartedMain] INFO  o.a.catalina.core.StandardEngine - Starting Servlet engine: [Apache Tomcat/9.0.33]
2020-05-09 10:37:42 [restartedMain] INFO  o.a.c.c.C.[Tomcat].[localhost].[/] - Initializing Spring embedded WebApplicationContext
2020-05-09 10:37:42 [restartedMain] INFO  o.s.web.context.ContextLoader - Root WebApplicationContext: initialization completed in 3608 ms
2020-05-09 10:37:43 [restartedMain] INFO  o.h.jpa.internal.util.LogHelper - HHH000204: Processing PersistenceUnitInfo [name: default]
2020-05-09 10:37:43 [restartedMain] INFO  org.hibernate.Version - HHH000412: Hibernate ORM core version 5.4.12.Final
2020-05-09 10:37:43 [restartedMain] INFO  o.h.annotations.common.Version - HCANN000001: Hibernate Commons Annotations {5.1.0.Final}
2020-05-09 10:37:43 [restartedMain] DEBUG org.hibernate.type.BasicTypeRegistry - Adding type registration boolean -> org.hibernate.type.BooleanType@5e6410e6
2020-05-09 10:37:43 [restartedMain] DEBUG org.hibernate.type.BasicTypeRegistry - Adding type registration boolean -> org.hibernate.type.BooleanType@5e6410e6
2020-05-09 10:37:43 [restartedMain] DEBUG org.hibernate.type.BasicTypeRegistry - Adding type registration java.lang.Boolean -> org.hibernate.type.BooleanType@5e6410e6
2020-05-09 10:37:43 [restartedMain] DEBUG org.hibernate.type.BasicTypeRegistry - Adding type registration numeric_boolean -> org.hibernate.type.NumericBooleanType@1dd26725
2020-05-09 10:37:43 [restartedMain] DEBUG org.hibernate.type.BasicTypeRegistry - Adding type registration true_false -> org.hibernate.type.TrueFalseType@7e56ef3f
2020-05-09 10:37:43 [restartedMain] DEBUG org.hibernate.type.BasicTypeRegistry - Adding type registration yes_no -> org.hibernate.type.YesNoType@21369d27
2020-05-09 10:37:43 [restartedMain] DEBUG org.hibernate.type.BasicTypeRegistry - Adding type registration byte -> org.hibernate.type.ByteType@51fa0d51
2020-05-09 10:37:43 [restartedMain] DEBUG org.hibernate.type.BasicTypeRegistry - Adding type registration byte -> org.hibernate.type.ByteType@51fa0d51
2020-05-09 10:37:43 [restartedMain] DEBUG org.hibernate.type.BasicTypeRegistry - Adding type registration java.lang.Byte -> org.hibernate.type.ByteType@51fa0d51
2020-05-09 10:37:43 [restartedMain] DEBUG org.hibernate.type.BasicTypeRegistry - Adding type registration character -> org.hibernate.type.CharacterType@4e7c7efb
2020-05-09 10:37:43 [restartedMain] DEBUG org.hibernate.type.BasicTypeRegistry - Adding type registration char -> org.hibernate.type.CharacterType@4e7c7efb
2020-05-09 10:37:43 [restartedMain] DEBUG org.hibernate.type.BasicTypeRegistry - Adding type registration java.lang.Character -> org.hibernate.type.CharacterType@4e7c7efb
2020-05-09 10:37:43 [restartedMain] DEBUG org.hibernate.type.BasicTypeRegistry - Adding type registration short -> org.hibernate.type.ShortType@14bc62ca
2020-05-09 10:37:43 [restartedMain] DEBUG org.hibernate.type.BasicTypeRegistry - Adding type registration short -> org.hibernate.type.ShortType@14bc62ca
2020-05-09 10:37:43 [restartedMain] DEBUG org.hibernate.type.BasicTypeRegistry - Adding type registration java.lang.Short -> org.hibernate.type.ShortType@14bc62ca
2020-05-09 10:37:43 [restartedMain] DEBUG org.hibernate.type.BasicTypeRegistry - Adding type registration integer -> org.hibernate.type.IntegerType@7836e5cb
2020-05-09 10:37:43 [restartedMain] DEBUG org.hibernate.type.BasicTypeRegistry - Adding type registration int -> org.hibernate.type.IntegerType@7836e5cb
2020-05-09 10:37:43 [restartedMain] DEBUG org.hibernate.type.BasicTypeRegistry - Adding type registration java.lang.Integer -> org.hibernate.type.IntegerType@7836e5cb
2020-05-09 10:37:43 [restartedMain] DEBUG org.hibernate.type.BasicTypeRegistry - Adding type registration long -> org.hibernate.type.LongType@75449477
2020-05-09 10:37:43 [restartedMain] DEBUG org.hibernate.type.BasicTypeRegistry - Adding type registration long -> org.hibernate.type.LongType@75449477
2020-05-09 10:37:43 [restartedMain] DEBUG org.hibernate.type.BasicTypeRegistry - Adding type registration java.lang.Long -> org.hibernate.type.LongType@75449477
2020-05-09 10:37:43 [restartedMain] DEBUG org.hibernate.type.BasicTypeRegistry - Adding type registration float -> org.hibernate.type.FloatType@3bee0984
2020-05-09 10:37:43 [restartedMain] DEBUG org.hibernate.type.BasicTypeRegistry - Adding type registration float -> org.hibernate.type.FloatType@3bee0984
2020-05-09 10:37:43 [restartedMain] DEBUG org.hibernate.type.BasicTypeRegistry - Adding type registration java.lang.Float -> org.hibernate.type.FloatType@3bee0984
2020-05-09 10:37:43 [restartedMain] DEBUG org.hibernate.type.BasicTypeRegistry - Adding type registration double -> org.hibernate.type.DoubleType@57c5e89f
2020-05-09 10:37:43 [restartedMain] DEBUG org.hibernate.type.BasicTypeRegistry - Adding type registration double -> org.hibernate.type.DoubleType@57c5e89f
2020-05-09 10:37:43 [restartedMain] DEBUG org.hibernate.type.BasicTypeRegistry - Adding type registration java.lang.Double -> org.hibernate.type.DoubleType@57c5e89f
2020-05-09 10:37:43 [restartedMain] DEBUG org.hibernate.type.BasicTypeRegistry - Adding type registration big_decimal -> org.hibernate.type.BigDecimalType@128e8a4c
2020-05-09 10:37:43 [restartedMain] DEBUG org.hibernate.type.BasicTypeRegistry - Adding type registration java.math.BigDecimal -> org.hibernate.type.BigDecimalType@128e8a4c
2020-05-09 10:37:43 [restartedMain] DEBUG org.hibernate.type.BasicTypeRegistry - Adding type registration big_integer -> org.hibernate.type.BigIntegerType@11a0b9c8
2020-05-09 10:37:43 [restartedMain] DEBUG org.hibernate.type.BasicTypeRegistry - Adding type registration java.math.BigInteger -> org.hibernate.type.BigIntegerType@11a0b9c8
2020-05-09 10:37:43 [restartedMain] DEBUG org.hibernate.type.BasicTypeRegistry - Adding type registration string -> org.hibernate.type.StringType@2c04b5c5
2020-05-09 10:37:43 [restartedMain] DEBUG org.hibernate.type.BasicTypeRegistry - Adding type registration java.lang.String -> org.hibernate.type.StringType@2c04b5c5
2020-05-09 10:37:43 [restartedMain] DEBUG org.hibernate.type.BasicTypeRegistry - Adding type registration nstring -> org.hibernate.type.StringNVarcharType@590cf52
2020-05-09 10:37:43 [restartedMain] DEBUG org.hibernate.type.BasicTypeRegistry - Adding type registration ncharacter -> org.hibernate.type.CharacterNCharType@1451fedd
2020-05-09 10:37:43 [restartedMain] DEBUG org.hibernate.type.BasicTypeRegistry - Adding type registration url -> org.hibernate.type.UrlType@7b088a9e
2020-05-09 10:37:43 [restartedMain] DEBUG org.hibernate.type.BasicTypeRegistry - Adding type registration java.net.URL -> org.hibernate.type.UrlType@7b088a9e
2020-05-09 10:37:43 [restartedMain] DEBUG org.hibernate.type.BasicTypeRegistry - Adding type registration Duration -> org.hibernate.type.DurationType@45e8d59e
2020-05-09 10:37:43 [restartedMain] DEBUG org.hibernate.type.BasicTypeRegistry - Adding type registration java.time.Duration -> org.hibernate.type.DurationType@45e8d59e
2020-05-09 10:37:43 [restartedMain] DEBUG org.hibernate.type.BasicTypeRegistry - Adding type registration Instant -> org.hibernate.type.InstantType@132c8459
2020-05-09 10:37:43 [restartedMain] DEBUG org.hibernate.type.BasicTypeRegistry - Adding type registration java.time.Instant -> org.hibernate.type.InstantType@132c8459
2020-05-09 10:37:43 [restartedMain] DEBUG org.hibernate.type.BasicTypeRegistry - Adding type registration LocalDateTime -> org.hibernate.type.LocalDateTimeType@5543b830
2020-05-09 10:37:43 [restartedMain] DEBUG org.hibernate.type.BasicTypeRegistry - Adding type registration java.time.LocalDateTime -> org.hibernate.type.LocalDateTimeType@5543b830
2020-05-09 10:37:43 [restartedMain] DEBUG org.hibernate.type.BasicTypeRegistry - Adding type registration LocalDate -> org.hibernate.type.LocalDateType@787aee3e
2020-05-09 10:37:43 [restartedMain] DEBUG org.hibernate.type.BasicTypeRegistry - Adding type registration java.time.LocalDate -> org.hibernate.type.LocalDateType@787aee3e
2020-05-09 10:37:43 [restartedMain] DEBUG org.hibernate.type.BasicTypeRegistry - Adding type registration LocalTime -> org.hibernate.type.LocalTimeType@501f7d85
2020-05-09 10:37:43 [restartedMain] DEBUG org.hibernate.type.BasicTypeRegistry - Adding type registration java.time.LocalTime -> org.hibernate.type.LocalTimeType@501f7d85
2020-05-09 10:37:43 [restartedMain] DEBUG org.hibernate.type.BasicTypeRegistry - Adding type registration OffsetDateTime -> org.hibernate.type.OffsetDateTimeType@155e0d45
2020-05-09 10:37:43 [restartedMain] DEBUG org.hibernate.type.BasicTypeRegistry - Adding type registration java.time.OffsetDateTime -> org.hibernate.type.OffsetDateTimeType@155e0d45
2020-05-09 10:37:43 [restartedMain] DEBUG org.hibernate.type.BasicTypeRegistry - Adding type registration OffsetTime -> org.hibernate.type.OffsetTimeType@2227eb09
2020-05-09 10:37:43 [restartedMain] DEBUG org.hibernate.type.BasicTypeRegistry - Adding type registration java.time.OffsetTime -> org.hibernate.type.OffsetTimeType@2227eb09
2020-05-09 10:37:43 [restartedMain] DEBUG org.hibernate.type.BasicTypeRegistry - Adding type registration ZonedDateTime -> org.hibernate.type.ZonedDateTimeType@11ab183d
2020-05-09 10:37:43 [restartedMain] DEBUG org.hibernate.type.BasicTypeRegistry - Adding type registration java.time.ZonedDateTime -> org.hibernate.type.ZonedDateTimeType@11ab183d
2020-05-09 10:37:43 [restartedMain] DEBUG org.hibernate.type.BasicTypeRegistry - Adding type registration date -> org.hibernate.type.DateType@5e75e8d3
2020-05-09 10:37:43 [restartedMain] DEBUG org.hibernate.type.BasicTypeRegistry - Adding type registration java.sql.Date -> org.hibernate.type.DateType@5e75e8d3
2020-05-09 10:37:43 [restartedMain] DEBUG org.hibernate.type.BasicTypeRegistry - Adding type registration time -> org.hibernate.type.TimeType@ff524ef
2020-05-09 10:37:43 [restartedMain] DEBUG org.hibernate.type.BasicTypeRegistry - Adding type registration java.sql.Time -> org.hibernate.type.TimeType@ff524ef
2020-05-09 10:37:43 [restartedMain] DEBUG org.hibernate.type.BasicTypeRegistry - Adding type registration timestamp -> org.hibernate.type.TimestampType@414f0fb7
2020-05-09 10:37:43 [restartedMain] DEBUG org.hibernate.type.BasicTypeRegistry - Adding type registration java.sql.Timestamp -> org.hibernate.type.TimestampType@414f0fb7
2020-05-09 10:37:43 [restartedMain] DEBUG org.hibernate.type.BasicTypeRegistry - Adding type registration java.util.Date -> org.hibernate.type.TimestampType@414f0fb7
2020-05-09 10:37:43 [restartedMain] DEBUG org.hibernate.type.BasicTypeRegistry - Adding type registration dbtimestamp -> org.hibernate.type.DbTimestampType@332df171
2020-05-09 10:37:43 [restartedMain] DEBUG org.hibernate.type.BasicTypeRegistry - Adding type registration calendar -> org.hibernate.type.CalendarType@abe5f37
2020-05-09 10:37:43 [restartedMain] DEBUG org.hibernate.type.BasicTypeRegistry - Adding type registration java.util.Calendar -> org.hibernate.type.CalendarType@abe5f37
2020-05-09 10:37:43 [restartedMain] DEBUG org.hibernate.type.BasicTypeRegistry - Adding type registration java.util.GregorianCalendar -> org.hibernate.type.CalendarType@abe5f37
2020-05-09 10:37:43 [restartedMain] DEBUG org.hibernate.type.BasicTypeRegistry - Adding type registration calendar_date -> org.hibernate.type.CalendarDateType@330f8c07
2020-05-09 10:37:43 [restartedMain] DEBUG org.hibernate.type.BasicTypeRegistry - Adding type registration calendar_time -> org.hibernate.type.CalendarTimeType@ac6c513
2020-05-09 10:37:43 [restartedMain] DEBUG org.hibernate.type.BasicTypeRegistry - Adding type registration locale -> org.hibernate.type.LocaleType@4b859f56
2020-05-09 10:37:43 [restartedMain] DEBUG org.hibernate.type.BasicTypeRegistry - Adding type registration java.util.Locale -> org.hibernate.type.LocaleType@4b859f56
2020-05-09 10:37:43 [restartedMain] DEBUG org.hibernate.type.BasicTypeRegistry - Adding type registration currency -> org.hibernate.type.CurrencyType@788e2653
2020-05-09 10:37:43 [restartedMain] DEBUG org.hibernate.type.BasicTypeRegistry - Adding type registration java.util.Currency -> org.hibernate.type.CurrencyType@788e2653
2020-05-09 10:37:43 [restartedMain] DEBUG org.hibernate.type.BasicTypeRegistry - Adding type registration timezone -> org.hibernate.type.TimeZoneType@5a6bc0a9
2020-05-09 10:37:43 [restartedMain] DEBUG org.hibernate.type.BasicTypeRegistry - Adding type registration java.util.TimeZone -> org.hibernate.type.TimeZoneType@5a6bc0a9
2020-05-09 10:37:43 [restartedMain] DEBUG org.hibernate.type.BasicTypeRegistry - Adding type registration class -> org.hibernate.type.ClassType@3c088b10
2020-05-09 10:37:43 [restartedMain] DEBUG org.hibernate.type.BasicTypeRegistry - Adding type registration java.lang.Class -> org.hibernate.type.ClassType@3c088b10
2020-05-09 10:37:43 [restartedMain] DEBUG org.hibernate.type.BasicTypeRegistry - Adding type registration uuid-binary -> org.hibernate.type.UUIDBinaryType@4ae93a58
2020-05-09 10:37:43 [restartedMain] DEBUG org.hibernate.type.BasicTypeRegistry - Adding type registration java.util.UUID -> org.hibernate.type.UUIDBinaryType@4ae93a58
2020-05-09 10:37:43 [restartedMain] DEBUG org.hibernate.type.BasicTypeRegistry - Adding type registration uuid-char -> org.hibernate.type.UUIDCharType@1f6ceadf
2020-05-09 10:37:43 [restartedMain] DEBUG org.hibernate.type.BasicTypeRegistry - Adding type registration binary -> org.hibernate.type.BinaryType@696b0433
2020-05-09 10:37:43 [restartedMain] DEBUG org.hibernate.type.BasicTypeRegistry - Adding type registration byte[] -> org.hibernate.type.BinaryType@696b0433
2020-05-09 10:37:43 [restartedMain] DEBUG org.hibernate.type.BasicTypeRegistry - Adding type registration [B -> org.hibernate.type.BinaryType@696b0433
2020-05-09 10:37:43 [restartedMain] DEBUG org.hibernate.type.BasicTypeRegistry - Adding type registration wrapper-binary -> org.hibernate.type.WrapperBinaryType@30877571
2020-05-09 10:37:43 [restartedMain] DEBUG org.hibernate.type.BasicTypeRegistry - Adding type registration Byte[] -> org.hibernate.type.WrapperBinaryType@30877571
2020-05-09 10:37:43 [restartedMain] DEBUG org.hibernate.type.BasicTypeRegistry - Adding type registration [Ljava.lang.Byte; -> org.hibernate.type.WrapperBinaryType@30877571
2020-05-09 10:37:43 [restartedMain] DEBUG org.hibernate.type.BasicTypeRegistry - Adding type registration row_version -> org.hibernate.type.RowVersionType@514331b4
2020-05-09 10:37:43 [restartedMain] DEBUG org.hibernate.type.BasicTypeRegistry - Adding type registration image -> org.hibernate.type.ImageType@3c414b2e
2020-05-09 10:37:43 [restartedMain] DEBUG org.hibernate.type.BasicTypeRegistry - Adding type registration characters -> org.hibernate.type.CharArrayType@e7fa7d4
2020-05-09 10:37:43 [restartedMain] DEBUG org.hibernate.type.BasicTypeRegistry - Adding type registration char[] -> org.hibernate.type.CharArrayType@e7fa7d4
2020-05-09 10:37:43 [restartedMain] DEBUG org.hibernate.type.BasicTypeRegistry - Adding type registration [C -> org.hibernate.type.CharArrayType@e7fa7d4
2020-05-09 10:37:43 [restartedMain] DEBUG org.hibernate.type.BasicTypeRegistry - Adding type registration wrapper-characters -> org.hibernate.type.CharacterArrayType@3b273d54
2020-05-09 10:37:43 [restartedMain] DEBUG org.hibernate.type.BasicTypeRegistry - Adding type registration [Ljava.lang.Character; -> org.hibernate.type.CharacterArrayType@3b273d54
2020-05-09 10:37:43 [restartedMain] DEBUG org.hibernate.type.BasicTypeRegistry - Adding type registration Character[] -> org.hibernate.type.CharacterArrayType@3b273d54
2020-05-09 10:37:43 [restartedMain] DEBUG org.hibernate.type.BasicTypeRegistry - Adding type registration text -> org.hibernate.type.TextType@50642be4
2020-05-09 10:37:43 [restartedMain] DEBUG org.hibernate.type.BasicTypeRegistry - Adding type registration ntext -> org.hibernate.type.NTextType@6f1abce8
2020-05-09 10:37:43 [restartedMain] DEBUG org.hibernate.type.BasicTypeRegistry - Adding type registration blob -> org.hibernate.type.BlobType@4ea0111
2020-05-09 10:37:43 [restartedMain] DEBUG org.hibernate.type.BasicTypeRegistry - Adding type registration java.sql.Blob -> org.hibernate.type.BlobType@4ea0111
2020-05-09 10:37:43 [restartedMain] DEBUG org.hibernate.type.BasicTypeRegistry - Adding type registration materialized_blob -> org.hibernate.type.MaterializedBlobType@54dd5678
2020-05-09 10:37:43 [restartedMain] DEBUG org.hibernate.type.BasicTypeRegistry - Adding type registration clob -> org.hibernate.type.ClobType@47f6a054
2020-05-09 10:37:43 [restartedMain] DEBUG org.hibernate.type.BasicTypeRegistry - Adding type registration java.sql.Clob -> org.hibernate.type.ClobType@47f6a054
2020-05-09 10:37:43 [restartedMain] DEBUG org.hibernate.type.BasicTypeRegistry - Adding type registration nclob -> org.hibernate.type.NClobType@3e317fcb
2020-05-09 10:37:43 [restartedMain] DEBUG org.hibernate.type.BasicTypeRegistry - Adding type registration java.sql.NClob -> org.hibernate.type.NClobType@3e317fcb
2020-05-09 10:37:43 [restartedMain] DEBUG org.hibernate.type.BasicTypeRegistry - Adding type registration materialized_clob -> org.hibernate.type.MaterializedClobType@313804a2
2020-05-09 10:37:43 [restartedMain] DEBUG org.hibernate.type.BasicTypeRegistry - Adding type registration materialized_nclob -> org.hibernate.type.MaterializedNClobType@4660f9f1
2020-05-09 10:37:43 [restartedMain] DEBUG org.hibernate.type.BasicTypeRegistry - Adding type registration serializable -> org.hibernate.type.SerializableType@5da5c2d5
2020-05-09 10:37:43 [restartedMain] DEBUG org.hibernate.type.BasicTypeRegistry - Adding type registration object -> org.hibernate.type.ObjectType@1c544cc6
2020-05-09 10:37:43 [restartedMain] DEBUG org.hibernate.type.BasicTypeRegistry - Adding type registration java.lang.Object -> org.hibernate.type.ObjectType@1c544cc6
2020-05-09 10:37:43 [restartedMain] DEBUG org.hibernate.type.BasicTypeRegistry - Adding type registration imm_date -> org.hibernate.type.AdaptedImmutableType@50b2c5ce
2020-05-09 10:37:43 [restartedMain] DEBUG org.hibernate.type.BasicTypeRegistry - Adding type registration imm_time -> org.hibernate.type.AdaptedImmutableType@6ebe9162
2020-05-09 10:37:43 [restartedMain] DEBUG org.hibernate.type.BasicTypeRegistry - Adding type registration imm_timestamp -> org.hibernate.type.AdaptedImmutableType@4f69045c
2020-05-09 10:37:43 [restartedMain] DEBUG org.hibernate.type.BasicTypeRegistry - Adding type registration imm_dbtimestamp -> org.hibernate.type.AdaptedImmutableType@1907f439
2020-05-09 10:37:43 [restartedMain] DEBUG org.hibernate.type.BasicTypeRegistry - Adding type registration imm_calendar -> org.hibernate.type.AdaptedImmutableType@5fddde62
2020-05-09 10:37:43 [restartedMain] DEBUG org.hibernate.type.BasicTypeRegistry - Adding type registration imm_calendar_date -> org.hibernate.type.AdaptedImmutableType@45f2617a
2020-05-09 10:37:43 [restartedMain] DEBUG org.hibernate.type.BasicTypeRegistry - Adding type registration imm_binary -> org.hibernate.type.AdaptedImmutableType@42bec67c
2020-05-09 10:37:43 [restartedMain] DEBUG org.hibernate.type.BasicTypeRegistry - Adding type registration imm_serializable -> org.hibernate.type.AdaptedImmutableType@643e542e
2020-05-09 10:37:43 [restartedMain] INFO  com.zaxxer.hikari.HikariDataSource - HikariPool-1 - Starting...
2020-05-09 10:37:44 [restartedMain] INFO  com.zaxxer.hikari.HikariDataSource - HikariPool-1 - Start completed.
2020-05-09 10:37:44 [restartedMain] INFO  org.hibernate.dialect.Dialect - HHH000400: Using dialect: org.hibernate.dialect.MySQL5Dialect
2020-05-09 10:37:44 [restartedMain] DEBUG o.h.type.spi.TypeConfiguration$Scope - Scoping TypeConfiguration [org.hibernate.type.spi.TypeConfiguration@3c2ebea1] to MetadataBuildingContext [org.hibernate.boot.internal.MetadataBuildingContextRootImpl@41a05f53]
2020-05-09 10:37:44 [restartedMain] DEBUG o.h.type.spi.TypeConfiguration$Scope - Scoping TypeConfiguration [org.hibernate.type.spi.TypeConfiguration@3c2ebea1] to SessionFactoryImpl [org.hibernate.internal.SessionFactoryImpl@5248f82e]
2020-05-09 10:37:45 [restartedMain] INFO  o.h.e.t.j.p.i.JtaPlatformInitiator - HHH000490: Using JtaPlatform implementation: [org.hibernate.engine.transaction.jta.platform.internal.NoJtaPlatform]
2020-05-09 10:37:45 [restartedMain] TRACE o.h.type.spi.TypeConfiguration$Scope - Handling #sessionFactoryCreated from [org.hibernate.internal.SessionFactoryImpl@5248f82e] for TypeConfiguration
2020-05-09 10:37:45 [restartedMain] INFO  o.s.o.j.LocalContainerEntityManagerFactoryBean - Initialized JPA EntityManagerFactory for persistence unit 'default'
2020-05-09 10:37:45 [restartedMain] WARN  o.s.b.d.a.OptionalLiveReloadServer - Unable to start LiveReload server
2020-05-09 10:37:45 [restartedMain] DEBUG o.h.s.internal.StatisticsInitiator - Statistics initialized [enabled=true]
2020-05-09 10:37:45 [restartedMain] INFO  o.h.e.i.StatisticalLoggingSessionEventListener - Session Metrics {
    0 nanoseconds spent acquiring 0 JDBC connections;
    0 nanoseconds spent releasing 0 JDBC connections;
    0 nanoseconds spent preparing 0 JDBC statements;
    0 nanoseconds spent executing 0 JDBC statements;
    0 nanoseconds spent executing 0 JDBC batches;
    0 nanoseconds spent performing 0 L2C puts;
    0 nanoseconds spent performing 0 L2C hits;
    0 nanoseconds spent performing 0 L2C misses;
    0 nanoseconds spent executing 0 flushes (flushing a total of 0 entities and 0 collections);
    0 nanoseconds spent executing 0 partial-flushes (flushing a total of 0 entities and 0 collections)
}
2020-05-09 10:37:45 [restartedMain] INFO  o.h.e.i.StatisticalLoggingSessionEventListener - Session Metrics {
    0 nanoseconds spent acquiring 0 JDBC connections;
    0 nanoseconds spent releasing 0 JDBC connections;
    0 nanoseconds spent preparing 0 JDBC statements;
    0 nanoseconds spent executing 0 JDBC statements;
    0 nanoseconds spent executing 0 JDBC batches;
    0 nanoseconds spent performing 0 L2C puts;
    0 nanoseconds spent performing 0 L2C hits;
    0 nanoseconds spent performing 0 L2C misses;
    0 nanoseconds spent executing 0 flushes (flushing a total of 0 entities and 0 collections);
    0 nanoseconds spent executing 0 partial-flushes (flushing a total of 0 entities and 0 collections)
}
2020-05-09 10:37:46 [restartedMain] INFO  o.h.e.i.StatisticalLoggingSessionEventListener - Session Metrics {
    0 nanoseconds spent acquiring 0 JDBC connections;
    0 nanoseconds spent releasing 0 JDBC connections;
    0 nanoseconds spent preparing 0 JDBC statements;
    0 nanoseconds spent executing 0 JDBC statements;
    0 nanoseconds spent executing 0 JDBC batches;
    0 nanoseconds spent performing 0 L2C puts;
    0 nanoseconds spent performing 0 L2C hits;
    0 nanoseconds spent performing 0 L2C misses;
    0 nanoseconds spent executing 0 flushes (flushing a total of 0 entities and 0 collections);
    0 nanoseconds spent executing 0 partial-flushes (flushing a total of 0 entities and 0 collections)
}
2020-05-09 10:37:46 [restartedMain] INFO  o.h.e.i.StatisticalLoggingSessionEventListener - Session Metrics {
    0 nanoseconds spent acquiring 0 JDBC connections;
    0 nanoseconds spent releasing 0 JDBC connections;
    0 nanoseconds spent preparing 0 JDBC statements;
    0 nanoseconds spent executing 0 JDBC statements;
    0 nanoseconds spent executing 0 JDBC batches;
    0 nanoseconds spent performing 0 L2C puts;
    0 nanoseconds spent performing 0 L2C hits;
    0 nanoseconds spent performing 0 L2C misses;
    0 nanoseconds spent executing 0 flushes (flushing a total of 0 entities and 0 collections);
    0 nanoseconds spent executing 0 partial-flushes (flushing a total of 0 entities and 0 collections)
}
2020-05-09 10:37:46 [restartedMain] INFO  o.h.e.i.StatisticalLoggingSessionEventListener - Session Metrics {
    0 nanoseconds spent acquiring 0 JDBC connections;
    0 nanoseconds spent releasing 0 JDBC connections;
    0 nanoseconds spent preparing 0 JDBC statements;
    0 nanoseconds spent executing 0 JDBC statements;
    0 nanoseconds spent executing 0 JDBC batches;
    0 nanoseconds spent performing 0 L2C puts;
    0 nanoseconds spent performing 0 L2C hits;
    0 nanoseconds spent performing 0 L2C misses;
    0 nanoseconds spent executing 0 flushes (flushing a total of 0 entities and 0 collections);
    0 nanoseconds spent executing 0 partial-flushes (flushing a total of 0 entities and 0 collections)
}
2020-05-09 10:37:46 [restartedMain] WARN  o.s.b.a.o.j.JpaBaseConfiguration$JpaWebConfiguration - spring.jpa.open-in-view is enabled by default. Therefore, database queries may be performed during view rendering. Explicitly configure spring.jpa.open-in-view to disable this warning
2020-05-09 10:37:46 [restartedMain] WARN  c.n.c.sources.URLConfigurationSource - No URLs will be polled as dynamic configuration sources.
2020-05-09 10:37:46 [restartedMain] INFO  c.n.c.sources.URLConfigurationSource - To enable URLs as dynamic configuration sources, define System property archaius.configurationSource.additionalUrls or make config.properties available on classpath.
2020-05-09 10:37:46 [restartedMain] WARN  c.n.c.sources.URLConfigurationSource - No URLs will be polled as dynamic configuration sources.
2020-05-09 10:37:46 [restartedMain] INFO  c.n.c.sources.URLConfigurationSource - To enable URLs as dynamic configuration sources, define System property archaius.configurationSource.additionalUrls or make config.properties available on classpath.
2020-05-09 10:37:47 [restartedMain] INFO  o.s.s.c.ThreadPoolTaskExecutor - Initializing ExecutorService 'applicationTaskExecutor'
2020-05-09 10:37:50 [restartedMain] WARN  o.s.c.l.c.BlockingLoadBalancerClientAutoConfiguration$BlockingLoadBalancerClientRibbonWarnLogger - You already have RibbonLoadBalancerClient on your classpath. It will be used by default. As Spring Cloud Ribbon is in maintenance mode. We recommend switching to BlockingLoadBalancerClient instead. In order to use it, set the value of `spring.cloud.loadbalancer.ribbon.enabled` to `false` or remove spring-cloud-starter-netflix-ribbon from your project.
2020-05-09 10:37:50 [restartedMain] INFO  o.s.c.n.eureka.InstanceInfoFactory - Setting initial instance status as: STARTING
2020-05-09 10:37:50 [restartedMain] INFO  c.netflix.discovery.DiscoveryClient - Initializing Eureka in region us-east-1
2020-05-09 10:37:51 [restartedMain] INFO  c.n.d.p.DiscoveryJerseyProvider - Using JSON encoding codec LegacyJacksonJson
2020-05-09 10:37:51 [restartedMain] INFO  c.n.d.p.DiscoveryJerseyProvider - Using JSON decoding codec LegacyJacksonJson
2020-05-09 10:37:51 [restartedMain] INFO  c.n.d.p.DiscoveryJerseyProvider - Using XML encoding codec XStreamXml
2020-05-09 10:37:51 [restartedMain] INFO  c.n.d.p.DiscoveryJerseyProvider - Using XML decoding codec XStreamXml
2020-05-09 10:37:51 [restartedMain] INFO  c.n.d.s.r.aws.ConfigClusterResolver - Resolving eureka endpoints via configuration
2020-05-09 10:37:52 [restartedMain] INFO  c.netflix.discovery.DiscoveryClient - Disable delta property : false
2020-05-09 10:37:52 [restartedMain] INFO  c.netflix.discovery.DiscoveryClient - Single vip registry refresh property : null
2020-05-09 10:37:52 [restartedMain] INFO  c.netflix.discovery.DiscoveryClient - Force full registry fetch : false
2020-05-09 10:37:52 [restartedMain] INFO  c.netflix.discovery.DiscoveryClient - Application is null : false
2020-05-09 10:37:52 [restartedMain] INFO  c.netflix.discovery.DiscoveryClient - Registered Applications size is zero : true
2020-05-09 10:37:52 [restartedMain] INFO  c.netflix.discovery.DiscoveryClient - Application version is -1: true
2020-05-09 10:37:52 [restartedMain] INFO  c.netflix.discovery.DiscoveryClient - Getting all instance registry info from the eureka server
2020-05-09 10:37:52 [restartedMain] INFO  c.netflix.discovery.DiscoveryClient - The response status is 200
2020-05-09 10:37:52 [restartedMain] INFO  c.netflix.discovery.DiscoveryClient - Starting heartbeat executor: renew interval is: 30
2020-05-09 10:37:52 [restartedMain] INFO  c.n.discovery.InstanceInfoReplicator - InstanceInfoReplicator onDemand update allowed rate per min is 4
2020-05-09 10:37:52 [restartedMain] INFO  c.netflix.discovery.DiscoveryClient - Discovery Client initialized at timestamp 1589000872294 with initial instances count: 1
2020-05-09 10:37:52 [restartedMain] INFO  o.s.c.n.e.s.EurekaServiceRegistry - Registering application CART-SERVICE with eureka with status UP
2020-05-09 10:37:52 [restartedMain] INFO  c.netflix.discovery.DiscoveryClient - Saw local status change event StatusChangeEvent [timestamp=1589000872299, current=UP, previous=STARTING]
2020-05-09 10:37:52 [restartedMain] INFO  s.d.s.w.p.DocumentationPluginsBootstrapper - Context refreshed
2020-05-09 10:37:52 [DiscoveryClient-InstanceInfoReplicator-0] INFO  c.netflix.discovery.DiscoveryClient - DiscoveryClient_CART-SERVICE/DESKTOP-Q02U9V4:cart-service:8383: registering service...
2020-05-09 10:37:52 [restartedMain] INFO  s.d.s.w.p.DocumentationPluginsBootstrapper - Found 1 custom documentation plugin(s)
2020-05-09 10:37:52 [restartedMain] INFO  s.d.s.w.s.ApiListingReferenceScanner - Scanning for api listing references
2020-05-09 10:37:52 [DiscoveryClient-InstanceInfoReplicator-0] INFO  c.netflix.discovery.DiscoveryClient - DiscoveryClient_CART-SERVICE/DESKTOP-Q02U9V4:cart-service:8383 - registration status: 204
2020-05-09 10:37:52 [restartedMain] INFO  o.s.b.w.e.tomcat.TomcatWebServer - Tomcat started on port(s): 8383 (http) with context path ''
2020-05-09 10:37:52 [restartedMain] INFO  o.s.c.n.e.s.EurekaAutoServiceRegistration - Updating port to 8383
2020-05-09 10:37:52 [restartedMain] INFO  c.c.o.c.CartServiceApplication - Started CartServiceApplication in 18.727 seconds (JVM running for 21.616)
2020-05-09 10:42:52 [AsyncResolver-bootstrap-executor-0] INFO  c.n.d.s.r.aws.ConfigClusterResolver - Resolving eureka endpoints via configuration
2020-05-09 10:47:52 [AsyncResolver-bootstrap-executor-0] INFO  c.n.d.s.r.aws.ConfigClusterResolver - Resolving eureka endpoints via configuration
2020-05-09 10:52:52 [AsyncResolver-bootstrap-executor-0] INFO  c.n.d.s.r.aws.ConfigClusterResolver - Resolving eureka endpoints via configuration
2020-05-09 10:57:52 [AsyncResolver-bootstrap-executor-0] INFO  c.n.d.s.r.aws.ConfigClusterResolver - Resolving eureka endpoints via configuration
2020-05-09 11:02:52 [AsyncResolver-bootstrap-executor-0] INFO  c.n.d.s.r.aws.ConfigClusterResolver - Resolving eureka endpoints via configuration
2020-05-09 11:07:52 [AsyncResolver-bootstrap-executor-0] INFO  c.n.d.s.r.aws.ConfigClusterResolver - Resolving eureka endpoints via configuration
2020-05-09 11:12:52 [AsyncResolver-bootstrap-executor-0] INFO  c.n.d.s.r.aws.ConfigClusterResolver - Resolving eureka endpoints via configuration
2020-05-09 11:17:07 [Thread-4] INFO  o.s.c.n.e.s.EurekaServiceRegistry - Unregistering application CART-SERVICE with eureka with status DOWN
2020-05-09 11:17:07 [Thread-4] WARN  c.netflix.discovery.DiscoveryClient - Saw local status change event StatusChangeEvent [timestamp=1589003227653, current=DOWN, previous=UP]
2020-05-09 11:17:07 [DiscoveryClient-InstanceInfoReplicator-0] INFO  c.netflix.discovery.DiscoveryClient - DiscoveryClient_CART-SERVICE/DESKTOP-Q02U9V4:cart-service:8383: registering service...
2020-05-09 11:17:07 [Thread-4] INFO  o.s.s.c.ThreadPoolTaskExecutor - Shutting down ExecutorService 'applicationTaskExecutor'
2020-05-09 11:17:07 [DiscoveryClient-InstanceInfoReplicator-0] INFO  c.netflix.discovery.DiscoveryClient - DiscoveryClient_CART-SERVICE/DESKTOP-Q02U9V4:cart-service:8383 - registration status: 204
2020-05-09 11:17:07 [Thread-4] INFO  o.s.o.j.LocalContainerEntityManagerFactoryBean - Closing JPA EntityManagerFactory for persistence unit 'default'
2020-05-09 11:17:07 [Thread-4] TRACE o.h.type.spi.TypeConfiguration$Scope - Handling #sessionFactoryClosed from [org.hibernate.internal.SessionFactoryImpl@5248f82e] for TypeConfiguration
2020-05-09 11:17:07 [Thread-4] DEBUG o.h.type.spi.TypeConfiguration$Scope - Un-scoping TypeConfiguration [org.hibernate.type.spi.TypeConfiguration$Scope@724b2786] from SessionFactory [org.hibernate.internal.SessionFactoryImpl@5248f82e]
2020-05-09 11:17:07 [Thread-4] INFO  com.zaxxer.hikari.HikariDataSource - HikariPool-1 - Shutdown initiated...
2020-05-09 11:17:07 [Thread-4] INFO  com.zaxxer.hikari.HikariDataSource - HikariPool-1 - Shutdown completed.
2020-05-09 11:17:07 [Thread-4] INFO  c.netflix.discovery.DiscoveryClient - Shutting down DiscoveryClient ...
2020-05-09 11:17:10 [Thread-4] INFO  c.netflix.discovery.DiscoveryClient - Unregistering ...
2020-05-09 11:17:10 [Thread-4] INFO  c.netflix.discovery.DiscoveryClient - DiscoveryClient_CART-SERVICE/DESKTOP-Q02U9V4:cart-service:8383 - deregister  status: 200
2020-05-09 11:17:10 [Thread-4] INFO  c.netflix.discovery.DiscoveryClient - Completed shut down of DiscoveryClient
